[08:39:55] [main/INFO] (FabricLoader/GameProvider) Loading Minecraft 1.19.2 with Fabric Loader 0.14.9
[08:39:55] [main/INFO] (FabricLoader) Loading 46 mods:
	- eatableflint 1.0.0
	- fabric-api 0.67.1+1.19.2
	- fabric-api-base 0.4.13+0d0f210290
	- fabric-api-lookup-api-v1 1.6.12+93d8cb8290
	- fabric-biome-api-v1 9.0.20+0d0f210290
	- fabric-block-api-v1 1.0.1+12bfe4ea90
	- fabric-blockrenderlayer-v1 1.1.22+c6af733c90
	- fabric-client-tags-api-v1 1.0.3+b35fea8390
	- fabric-command-api-v2 2.1.9+93d8cb8290
	- fabric-content-registries-v0 3.4.3+6064db2a90
	- fabric-convention-tags-v1 1.1.3+93d8cb8290
	- fabric-crash-report-info-v1 0.2.7+aeb40ebe90
	- fabric-data-generation-api-v1 5.3.1+ad31814d90
	- fabric-dimensions-v1 2.1.33+0d0f210290
	- fabric-entity-events-v1 1.5.2+9244241690
	- fabric-events-interaction-v0 0.4.30+c6af733c90
	- fabric-game-rule-api-v1 1.0.23+c6af733c90
	- fabric-gametest-api-v1 1.1.4+704e47e990
	- fabric-item-api-v1 1.6.1+fa140d5990
	- fabric-item-groups-v0 0.3.35+9244241690
	- fabric-key-binding-api-v1 1.0.23+aaaf9d3390
	- fabric-lifecycle-events-v1 2.2.2+9244241690
	- fabric-loot-api-v2 1.1.9+83a8659290
	- fabric-message-api-v1 5.0.5+93d8cb8290
	- fabric-mining-level-api-v1 2.1.20+33fbc73890
	- fabric-models-v0 0.3.19+c6af733c90
	- fabric-networking-api-v1 1.2.7+9244241690
	- fabric-object-builder-api-v1 4.1.2+06e0e25190
	- fabric-particles-v1 1.0.12+79adfe0a90
	- fabric-registry-sync-v0 0.9.28+9244241690
	- fabric-renderer-api-v1 1.0.14+12bfe4ea90
	- fabric-renderer-indigo 0.6.16+aeb40ebe90
	- fabric-rendering-data-attachment-v1 0.3.17+0d0f210290
	- fabric-rendering-fluids-v1 3.0.9+c6af733c90
	- fabric-rendering-v1 1.11.1+73145abb90
	- fabric-resource-conditions-api-v1 2.1.1+aae9039d90
	- fabric-resource-loader-v0 0.8.1+0d0f210290
	- fabric-screen-api-v1 1.0.29+0d0f210290
	- fabric-screen-handler-api-v1 1.3.3+1cc24b1b90
	- fabric-sound-api-v1 1.0.1+c4f28df590
	- fabric-textures-v0 1.0.22+aeb40ebe90
	- fabric-transfer-api-v1 2.1.3+9d081d6490
	- fabric-transitive-access-wideners-v1 1.3.2+42d99c3290
	- fabricloader 0.14.9
	- java 17
	- minecraft 1.19.2
[08:39:55] [main/INFO] (FabricLoader/Mixin) SpongePowered MIXIN Subsystem Version=0.8.5 Source=file:/C:/Users/Kaguya/.mcreator/gradle/caches/modules-2/files-2.1/net.fabricmc/sponge-mixin/0.11.4+mixin.0.8.5/c1dc27696aa4006e492c2485c9ccbcb26045a971/sponge-mixin-0.11.4+mixin.0.8.5.jar Service=Knot/Fabric Env=CLIENT
[08:39:55] [main/INFO] (FabricLoader/Mixin) Loaded Fabric development mappings for mixin remapper!
[08:39:55] [main/INFO] (FabricLoader/Mixin) Compatibility level set to JAVA_16
[08:39:55] [main/INFO] (FabricLoader/Mixin) Compatibility level set to JAVA_17
[08:39:57] [main/WARN] (FileUtil) Configuration conflict: there is more than one oshi.properties file on the classpath
[08:39:57] [main/WARN] (FileUtil) Configuration conflict: there is more than one oshi.architecture.properties file on the classpath
[08:40:00] [main/INFO] (Minecraft) Building optimized datafixer
[08:40:04] [Render thread/INFO] (Minecraft) Environment: authHost='https://authserver.mojang.com', accountsHost='https://api.mojang.com', sessionHost='https://sessionserver.mojang.com', servicesHost='https://api.minecraftservices.com', name='PROD'
[08:40:05] [Render thread/ERROR] (fabric-screen-api-v1) Failed to verify authentication
com.mojang.authlib.exceptions.InvalidCredentialsException: Status: 401
	at com.mojang.authlib.exceptions.MinecraftClientHttpException.toAuthenticationException(MinecraftClientHttpException.java:56) ~[authlib-3.11.49.jar:?]
	at com.mojang.authlib.yggdrasil.YggdrasilUserApiService.fetchProperties(YggdrasilUserApiService.java:155) ~[authlib-3.11.49.jar:?]
	at com.mojang.authlib.yggdrasil.YggdrasilUserApiService.<init>(YggdrasilUserApiService.java:55) ~[authlib-3.11.49.jar:?]
	at com.mojang.authlib.yggdrasil.YggdrasilAuthenticationService.createUserApiService(YggdrasilAuthenticationService.java:161) ~[authlib-3.11.49.jar:?]
	at net.minecraft.client.Minecraft.createUserApiService(Minecraft.java:626) [minecraft-project-@-merged-named.jar:?]
	at net.minecraft.client.Minecraft.<init>(Minecraft.java:428) [minecraft-project-@-merged-named.jar:?]
	at net.minecraft.client.main.Main.run(Main.java:184) [minecraft-project-@-merged-named.jar:?]
	at net.minecraft.client.main.Main.main(Main.java:55) [minecraft-project-@-merged-named.jar:?]
	at net.fabricmc.loader.impl.game.minecraft.MinecraftGameProvider.launch(MinecraftGameProvider.java:461) [fabric-loader-0.14.9.jar:?]
	at net.fabricmc.loader.impl.launch.knot.Knot.launch(Knot.java:74) [fabric-loader-0.14.9.jar:?]
	at net.fabricmc.loader.impl.launch.knot.KnotClient.main(KnotClient.java:23) [fabric-loader-0.14.9.jar:?]
	at net.fabricmc.devlaunchinjector.Main.main(Main.java:86) [dev-launch-injector-0.2.1+build.8.jar:?]
Caused by: com.mojang.authlib.exceptions.MinecraftClientHttpException: Status: 401
	at com.mojang.authlib.minecraft.client.MinecraftClient.readInputStream(MinecraftClient.java:87) ~[authlib-3.11.49.jar:?]
	at com.mojang.authlib.minecraft.client.MinecraftClient.get(MinecraftClient.java:48) ~[authlib-3.11.49.jar:?]
	at com.mojang.authlib.yggdrasil.YggdrasilUserApiService.fetchProperties(YggdrasilUserApiService.java:129) ~[authlib-3.11.49.jar:?]
	... 10 more
[08:40:05] [Render thread/INFO] (fabric-screen-api-v1) Setting user: Player684
[08:40:05] [Render thread/INFO] (EatableflintMod) Initializing EatableflintMod
[08:40:05] [Render thread/INFO] (Indigo) [Indigo] Registering Indigo renderer!
[08:40:06] [Render thread/WARN] (Minecraft) Skipping bad option: 
[08:40:06] [Render thread/INFO] (fabric-screen-api-v1) Backend library: LWJGL version 3.3.1 SNAPSHOT
[08:40:09] [Worker-Main-8/ERROR] (Minecraft) Failed to retrieve profile key pair
java.io.IOException: Could not retrieve profile key pair
	at net.minecraft.client.multiplayer.ProfileKeyPairManager.fetchProfileKeyPair(ProfileKeyPairManager.java:151) ~[minecraft-project-@-merged-named.jar:?]
	at net.minecraft.client.multiplayer.ProfileKeyPairManager.method_44291(ProfileKeyPairManager.java:72) ~[minecraft-project-@-merged-named.jar:?]
	at java.util.concurrent.CompletableFuture$AsyncSupply.run(CompletableFuture.java:1768) [?:?]
	at java.util.concurrent.CompletableFuture$AsyncSupply.exec(CompletableFuture.java:1760) [?:?]
	at java.util.concurrent.ForkJoinTask.doExec(ForkJoinTask.java:373) [?:?]
	at java.util.concurrent.ForkJoinPool$WorkQueue.topLevelExec(ForkJoinPool.java:1182) [?:?]
	at java.util.concurrent.ForkJoinPool.scan(ForkJoinPool.java:1655) [?:?]
	at java.util.concurrent.ForkJoinPool.runWorker(ForkJoinPool.java:1622) [?:?]
	at java.util.concurrent.ForkJoinWorkerThread.run(ForkJoinWorkerThread.java:165) [?:?]
[08:40:09] [Render thread/INFO] (Minecraft) Narrator library for x64 successfully loaded
[08:40:09] [Render thread/INFO] (Minecraft) Reloading ResourceManager: Default, Fabric Mods (Fabric Game Rule API (v1), Fabric Content Registries (v0), Fabric Command API (v2), Fabric Sound API (v1), Fabric Networking API (v1), Fabric Item API (v1), Fabric Models (v0), Fabric Crash Report Info (v1), Fabric Loader, Fabric Convention Tags, Fabric Lifecycle Events (v1), Fabric Rendering Data Attachment (v1), Fabric Key Binding API (v1), Fabric Screen API (v1), Fabric Data Generation API (v1), Fabric Renderer - Indigo, Fabric Registry Sync (v0), Fabric Rendering (v1), Fabric Message API (v1), Fabric Loot API (v2), Fabric Dimensions API (v1), Fabric Events Interaction (v0), Fabric Client Tags, Fabric API Lookup API (v1), Fabric Resource Conditions API (v1), Fabric Transfer API (v1), Fabric API Base, Fabric BlockRenderLayer Registration (v1), Fabric Particles (v1), 可食用打火石, Fabric Game Test API (v1), Fabric Transitive Access Wideners (v1), Fabric Entity Events (v1), Fabric Object Builder API (v1), Fabric Mining Level API (v1), Fabric Resource Loader (v0), Fabric Textures (v0), Fabric Screen Handler API (v1), Fabric Item Groups (v0), Fabric Rendering Fluids (v1), Fabric Renderer API (v1), Fabric API, Fabric Biome API (v1))
[08:40:11] [Realms Notification Availability checker #1/INFO] (Minecraft) Could not authorize you against Realms server: Invalid session id
[08:40:11] [Worker-Main-13/WARN] (Minecraft) Texture eatableflint:items/150px-flint_and_steel_je4_be2 with size 150x150 limits mip level from 2 to 1
[08:40:11] [Worker-Main-13/WARN] (Minecraft) minecraft:textures/atlas/blocks.png: dropping miplevel from 2 to 1, because of minimum power of two: 2
[08:40:11] [Render thread/WARN] (Minecraft) Missing sound for event: minecraft:item.goat_horn.play
[08:40:11] [Render thread/WARN] (Minecraft) Missing sound for event: minecraft:entity.goat.screaming.horn_break
[08:40:12] [Render thread/INFO] (Minecraft) OpenAL initialized on device OpenAL Soft on 耳机 (Realtek(R) Audio)
[08:40:12] [Render thread/INFO] (Minecraft) Sound engine started
[08:40:12] [Render thread/INFO] (Minecraft) Created: 1024x1024x1 minecraft:textures/atlas/blocks.png-atlas
[08:40:12] [Render thread/INFO] (Minecraft) Created: 256x128x2 minecraft:textures/atlas/signs.png-atlas
[08:40:12] [Render thread/INFO] (Minecraft) Created: 1024x512x2 minecraft:textures/atlas/banner_patterns.png-atlas
[08:40:12] [Render thread/INFO] (Minecraft) Created: 1024x512x2 minecraft:textures/atlas/shield_patterns.png-atlas
[08:40:12] [Render thread/INFO] (Minecraft) Created: 256x256x2 minecraft:textures/atlas/chest.png-atlas
[08:40:12] [Render thread/INFO] (Minecraft) Created: 512x256x2 minecraft:textures/atlas/beds.png-atlas
[08:40:12] [Render thread/INFO] (Minecraft) Created: 512x256x2 minecraft:textures/atlas/shulker_boxes.png-atlas
[08:40:14] [Render thread/WARN] (Minecraft) Shader rendertype_entity_translucent_emissive could not find sampler named Sampler2 in the specified shader program.
[08:40:15] [Render thread/INFO] (Minecraft) Created: 512x256x0 minecraft:textures/atlas/particles.png-atlas
[08:40:15] [Render thread/INFO] (Minecraft) Created: 256x256x0 minecraft:textures/atlas/paintings.png-atlas
[08:40:15] [Render thread/INFO] (Minecraft) Created: 256x128x0 minecraft:textures/atlas/mob_effects.png-atlas
[08:40:40] [Worker-Bootstrap-6/INFO] (Minecraft) 4283 Datafixer optimizations took 40039 milliseconds
[08:40:49] [Render thread/INFO] (Minecraft) Loaded 7 recipes
[08:40:50] [Render thread/INFO] (Minecraft) Loaded 1179 advancements
[08:41:03] [Render thread/INFO] (Minecraft) Loaded 7 recipes
[08:41:03] [Render thread/INFO] (Minecraft) Loaded 1179 advancements
[08:41:03] [Worker-Main-8/ERROR] (Minecraft) Failed to retrieve profile key pair
java.io.IOException: Could not retrieve profile key pair
	at net.minecraft.client.multiplayer.ProfileKeyPairManager.fetchProfileKeyPair(ProfileKeyPairManager.java:151) ~[minecraft-project-@-merged-named.jar:?]
	at net.minecraft.client.multiplayer.ProfileKeyPairManager.method_44291(ProfileKeyPairManager.java:72) ~[minecraft-project-@-merged-named.jar:?]
	at java.util.concurrent.CompletableFuture$AsyncSupply.run(CompletableFuture.java:1768) [?:?]
	at java.util.concurrent.CompletableFuture$AsyncSupply.exec(CompletableFuture.java:1760) [?:?]
	at java.util.concurrent.ForkJoinTask.doExec(ForkJoinTask.java:373) [?:?]
	at java.util.concurrent.ForkJoinPool$WorkQueue.topLevelExec(ForkJoinPool.java:1182) [?:?]
	at java.util.concurrent.ForkJoinPool.scan(ForkJoinPool.java:1655) [?:?]
	at java.util.concurrent.ForkJoinPool.runWorker(ForkJoinPool.java:1622) [?:?]
	at java.util.concurrent.ForkJoinWorkerThread.run(ForkJoinWorkerThread.java:165) [?:?]
[08:41:03] [Render thread/INFO] (BiomeModificationImpl) Applied 0 biome modifications to 0 of 63 new biomes in 2.901 ms
[08:41:03] [Server thread/INFO] (Minecraft) Starting integrated minecraft server version 1.19.2
[08:41:03] [Server thread/INFO] (Minecraft) Generating keypair
[08:41:04] [Server thread/INFO] (Minecraft) Preparing start region for dimension minecraft:overworld
[08:41:04] [Render thread/INFO] (Minecraft) 准备生成区域中：0%
[08:41:04] [Render thread/INFO] (Minecraft) 准备生成区域中：0%
[08:41:05] [Render thread/INFO] (Minecraft) 准备生成区域中：4%
[08:41:05] [Render thread/INFO] (Minecraft) 准备生成区域中：12%
[08:41:06] [Render thread/INFO] (Minecraft) 准备生成区域中：16%
[08:41:06] [Render thread/INFO] (Minecraft) 准备生成区域中：39%
[08:41:07] [Render thread/INFO] (Minecraft) 准备生成区域中：55%
[08:41:07] [Render thread/INFO] (Minecraft) 准备生成区域中：68%
[08:41:08] [Render thread/INFO] (Minecraft) 准备生成区域中：83%
[08:41:08] [Render thread/INFO] (Minecraft) 准备生成区域中：96%
[08:41:09] [Render thread/INFO] (Minecraft) Time elapsed: 4650 ms
[08:41:09] [Server thread/INFO] (Minecraft) Changing view distance to 8, from 10
[08:41:09] [Server thread/INFO] (Minecraft) Changing simulation distance to 12, from 0
[08:41:09] [Server thread/INFO] (Minecraft) Player684[local:E:22e63047] logged in with entity id 1 at (-4.5, -60.0, -0.5)
[08:41:09] [Server thread/INFO] (Minecraft) Player684加入了游戏
[08:41:10] [Render thread/INFO] (Minecraft) Loaded 0 advancements
[08:41:35] [Render thread/INFO] (Minecraft) Loaded 17 advancements
[08:43:05] [Render thread/INFO] (Minecraft) Loaded 21 advancements
[08:43:08] [Server thread/INFO] (Minecraft) Saving and pausing game...
[08:43:08] [Server thread/INFO] (Minecraft) Saving chunks for level 'ServerLevel[新的世界]'/minecraft:overworld
[08:43:08] [Server thread/INFO] (Minecraft) Saving chunks for level 'ServerLevel[新的世界]'/minecraft:the_nether
[08:43:08] [Server thread/INFO] (Minecraft) Saving chunks for level 'ServerLevel[新的世界]'/minecraft:the_end
[08:43:09] [Server thread/INFO] (Minecraft) Player684 lost connection: 连接中断
[08:43:09] [Server thread/INFO] (Minecraft) Player684退出了游戏
[08:43:09] [Server thread/INFO] (Minecraft) Stopping singleplayer server as player logged out
[08:43:09] [Server thread/INFO] (Minecraft) Stopping server
[08:43:09] [Server thread/INFO] (Minecraft) Saving players
[08:43:09] [Server thread/INFO] (Minecraft) Saving worlds
[08:43:10] [Server thread/INFO] (Minecraft) Saving chunks for level 'ServerLevel[新的世界]'/minecraft:overworld
[08:43:11] [Server thread/INFO] (Minecraft) Saving chunks for level 'ServerLevel[新的世界]'/minecraft:the_nether
[08:43:11] [Server thread/INFO] (Minecraft) Saving chunks for level 'ServerLevel[新的世界]'/minecraft:the_end
[08:43:11] [Server thread/INFO] (Minecraft) ThreadedAnvilChunkStorage (新的世界): All chunks are saved
[08:43:11] [Server thread/INFO] (Minecraft) ThreadedAnvilChunkStorage (DIM-1): All chunks are saved
[08:43:11] [Server thread/INFO] (Minecraft) ThreadedAnvilChunkStorage (DIM1): All chunks are saved
[08:43:11] [Server thread/INFO] (Minecraft) ThreadedAnvilChunkStorage: All dimensions are saved
[08:43:12] [Render thread/INFO] (fabric-screen-api-v1) Stopping!
